[11/5/2025, 5:04:34 PM] 🚀 Starting Unified Medical App...
[11/5/2025, 5:04:34 PM] ✅ Dependencies found, launching Expo Dev Server...
[11/5/2025, 5:04:55 PM] ❌ Launch failed: CommandError: It looks like you're trying to use TypeScript but don't have the required
dependencies installed.

Please install typescript@^5.3.3, @types/react@~18.3.12 by running:

npx expo install typescript @types/react

If you're not using TypeScript, please remove the TypeScript files from your
project


[11/5/2025, 5:11:59 PM] 🚀 Starting Unified Medical App...
[11/5/2025, 5:12:00 PM] ✅ Dependencies found, launching Expo Dev Server...
[11/5/2025, 5:12:04 PM] ❌ Launch failed: Error: Cannot find module '@react-native-community/cli-server-api'
Require stack:
- C:\Users\Administrator\myApp\node_modules\@expo\cli\build\src\start\server\metro\instantiateMetro.js
- C:\Users\Administrator\myApp\node_modules\@expo\cli\build\src\start\server\metro\MetroBundlerDevServer.js
- C:\Users\Administrator\myApp\node_modules\@expo\cli\build\src\start\server\DevServerManager.js
- C:\Users\Administrator\myApp\node_modules\@expo\cli\build\src\start\startAsync.js
- C:\Users\Administrator\myApp\node_modules\@expo\cli\build\src\start\index.js
- C:\Users\Administrator\myApp\node_modules\@expo\cli\build\bin\cli
- C:\Users\Administrator\myApp\node_modules\expo\bin\cli
Error: Cannot find module '@react-native-community/cli-server-api'
Require stack:
- C:\Users\Administrator\myApp\node_modules\@expo\cli\build\src\start\server\metro\instantiateMetro.js
- C:\Users\Administrator\myApp\node_modules\@expo\cli\build\src\start\server\metro\MetroBundlerDevServer.js
- C:\Users\Administrator\myApp\node_modules\@expo\cli\build\src\start\server\DevServerManager.js
- C:\Users\Administrator\myApp\node_modules\@expo\cli\build\src\start\startAsync.js
- C:\Users\Administrator\myApp\node_modules\@expo\cli\build\src\start\index.js
- C:\Users\Administrator\myApp\node_modules\@expo\cli\build\bin\cli
- C:\Users\Administrator\myApp\node_modules\expo\bin\cli
    at Module._resolveFilename (node:internal/modules/cjs/loader:1420:15)
    at defaultResolveImpl (node:internal/modules/cjs/loader:1058:19)
    at resolveForCJSWithHooks (node:internal/modules/cjs/loader:1063:22)
    at Module._load (node:internal/modules/cjs/loader:1226:37)
    at TracingChannel.traceSync (node:diagnostics_channel:328:14)
    at wrapModuleLoad (node:internal/modules/cjs/loader:244:24)
    at Module.require (node:internal/modules/cjs/loader:1503:12)
    at require (node:internal/modules/helpers:152:16)
    at instantiateMetroAsync (C:\Users\Administrator\myApp\node_modules\@expo\cli\src\start\server\metro\instantiateMetro.ts:194:5)
    at MetroBundlerDevServer.startImplementationAsync (C:\Users\Administrator\myApp\node_modules\@expo\cli\src\start\server\metro\MetroBundlerDevServer.ts:628:58)

